<?xml version="1.0" encoding="UTF-8"?>
<!-- Generated by org.testng.reporters.JUnitReportReporter -->
<testsuite skipped="0" hostname="PL1INPUN0323PC" name="com.Example1.Company.TestExample1" tests="1" failures="0" timestamp="20 Apr 2017 08:48:27 GMT" time="0.015" errors="0">
  <testcase name="CreateRole" time="0.015" classname="com.Example1.Company.TestExample1"/>
</testsuite> <!-- com.Example1.Company.TestExample1 -->
