<?xml version="1.0" encoding="UTF-8"?>
<!-- Generated by org.testng.reporters.JUnitReportReporter -->
<testsuite skipped="0" hostname="PL1INPUN0323PC" name="com.Testing.TestNgSample.TestEmployeeFunc" tests="4" failures="0" timestamp="20 Apr 2017 05:28:27 GMT" time="0.038" errors="0">
  <testcase name="testCalculateYearlySalary" time="0.005" classname="com.Testing.TestNgSample.TestEmployeeFunc"/>
  <testcase name="testCalculateAppriasal" time="0.017" classname="com.Testing.TestNgSample.TestEmployeeFunc"/>
  <testcase name="testInvalidAgeValue" time="0.013" classname="com.Testing.TestNgSample.TestEmployeeFunc"/>
  <testcase name="testInvalidSalaryValue" time="0.003" classname="com.Testing.TestNgSample.TestEmployeeFunc"/>
</testsuite> <!-- com.Testing.TestNgSample.TestEmployeeFunc -->
